#
# There is insufficient memory for the Java Runtime Environment to continue.
# Native memory allocation (malloc) failed to allocate 2097152 bytes. Error detail: AllocateHeap
# Possible reasons:
#   The system is out of physical RAM or swap space
#   This process is running with CompressedOops enabled, and the Java Heap may be blocking the growth of the native heap
# Possible solutions:
#   Reduce memory load on the system
#   Increase physical memory or swap space
#   Check if swap backing store is full
#   Decrease Java heap size (-Xmx/-Xms)
#   Decrease number of Java threads
#   Decrease Java thread stack sizes (-Xss)
#   Set larger code cache with -XX:ReservedCodeCacheSize=
#   JVM is running with Unscaled Compressed Oops mode in which the Java heap is
#     placed in the first 4GB address space. The Java Heap base address is the
#     maximum limit for the native heap growth. Please use -XX:HeapBaseMinAddress
#     to set the Java Heap base and to place the Java Heap above 4GB virtual address.
# This output file may be truncated or incomplete.
#
#  Out of Memory Error (allocation.cpp:44), pid=6084, tid=5752
#
# JRE version: OpenJDK Runtime Environment Temurin-17.0.11+9 (17.0.11+9) (build 17.0.11+9)
# Java VM: OpenJDK 64-Bit Server VM Temurin-17.0.11+9 (17.0.11+9, mixed mode, emulated-client, tiered, compressed oops, compressed class ptrs, g1 gc, windows-amd64)
# No core dump will be written. Minidumps are not enabled by default on client versions of Windows
#

---------------  S U M M A R Y ------------

Command Line: -Xmx1024m -Dsts.lsp.client=vscode -Dsts.log.file=/dev/null -XX:TieredStopAtLevel=1 -Xlog:jni+resolve=off -Dspring.config.location=file:c:\Users\Mateja\.vscode\extensions\vmware.vscode-spring-boot-1.56.0\language-server\BOOT-INF\classes\application.properties org.springframework.ide.vscode.boot.app.BootLanguageServerBootApp

Host: Intel(R) Core(TM) i5-5200U CPU @ 2.20GHz, 4 cores, 7G,  Windows 10 , 64 bit Build 19041 (10.0.19041.4597)
Time: Thu Aug 15 01:10:28 2024 Central European Daylight Time elapsed time: 86.531013 seconds (0d 0h 1m 26s)

---------------  T H R E A D  ---------------

Current thread (0x000002ae7a66fe50):  VMThread "VM Thread" [stack: 0x000000f48ba00000,0x000000f48bb00000] [id=5752]

Stack: [0x000000f48ba00000,0x000000f48bb00000]
Native frames: (J=compiled Java code, j=interpreted, Vv=VM code, C=native code)
V  [jvm.dll+0x67d429]
V  [jvm.dll+0x834b7a]
V  [jvm.dll+0x83663e]
V  [jvm.dll+0x836ca3]
V  [jvm.dll+0x247dbf]
V  [jvm.dll+0xa6cb3]
V  [jvm.dll+0x2f8b61]
V  [jvm.dll+0x2f4750]
V  [jvm.dll+0x2dcf67]
V  [jvm.dll+0x31fb67]
V  [jvm.dll+0x83b19b]
V  [jvm.dll+0x83bed2]
V  [jvm.dll+0x83c3ed]
V  [jvm.dll+0x83c7c4]
V  [jvm.dll+0x83c890]
V  [jvm.dll+0x7e410a]
V  [jvm.dll+0x67c315]
C  [ucrtbase.dll+0x21bb2]
C  [KERNEL32.DLL+0x17374]
C  [ntdll.dll+0x4cc91]

VM_Operation (0x000000f48c3ff0e0): G1CollectFull, mode: safepoint, requested by thread 0x000002ae7a9bb3c0


---------------  P R O C E S S  ---------------

Threads class SMR info:
_java_thread_list=0x000002ae00a72af0, length=25, elements={
0x000002ae7a685740, 0x000002ae7a6862d0, 0x000002ae7a7d95c0, 0x000002ae7a7da150,
0x000002ae7a7dba30, 0x000002ae7a7dc300, 0x000002ae7a7dcbd0, 0x000002ae7a7e6c40,
0x000002ae7a9c9d30, 0x000002ae7a9d5350, 0x000002ae00c103f0, 0x000002ae7a9bb3c0,
0x000002ae00b78060, 0x000002ae70110570, 0x000002ae00a84030, 0x000002ae0070b040,
0x000002ae0070b520, 0x000002ae00c6dec0, 0x000002ae00c6d9b0, 0x000002ae00c6e3d0,
0x000002ae00c6f810, 0x000002ae00c6c060, 0x000002ae00c6f300, 0x000002ae00c6e8e0,
0x000002ae00c6edf0
}

Java Threads: ( => current thread )
  0x000002ae7a685740 JavaThread "Reference Handler" daemon [_thread_blocked, id=14624, stack(0x000000f48bb00000,0x000000f48bc00000)]
  0x000002ae7a6862d0 JavaThread "Finalizer" daemon [_thread_blocked, id=5076, stack(0x000000f48bc00000,0x000000f48bd00000)]
  0x000002ae7a7d95c0 JavaThread "Signal Dispatcher" daemon [_thread_blocked, id=9960, stack(0x000000f48bd00000,0x000000f48be00000)]
  0x000002ae7a7da150 JavaThread "Attach Listener" daemon [_thread_blocked, id=17388, stack(0x000000f48be00000,0x000000f48bf00000)]
  0x000002ae7a7dba30 JavaThread "Service Thread" daemon [_thread_blocked, id=11768, stack(0x000000f48bf00000,0x000000f48c000000)]
  0x000002ae7a7dc300 JavaThread "Monitor Deflation Thread" daemon [_thread_blocked, id=15816, stack(0x000000f48c000000,0x000000f48c100000)]
  0x000002ae7a7dcbd0 JavaThread "C1 CompilerThread0" daemon [_thread_blocked, id=8936, stack(0x000000f48c100000,0x000000f48c200000)]
  0x000002ae7a7e6c40 JavaThread "Sweeper thread" daemon [_thread_blocked, id=16856, stack(0x000000f48c200000,0x000000f48c300000)]
  0x000002ae7a9c9d30 JavaThread "Notification Thread" daemon [_thread_blocked, id=5236, stack(0x000000f48c400000,0x000000f48c500000)]
  0x000002ae7a9d5350 JavaThread "Common-Cleaner" daemon [_thread_blocked, id=7532, stack(0x000000f48c700000,0x000000f48c800000)]
  0x000002ae00c103f0 JavaThread "boundedElastic-evictor-1" daemon [_thread_blocked, id=16196, stack(0x000000f48c600000,0x000000f48c700000)]
  0x000002ae7a9bb3c0 JavaThread "pool-13-thread-1" [_thread_blocked, id=11044, stack(0x000000f48c300000,0x000000f48c400000)]
  0x000002ae00b78060 JavaThread "LanguageServerApp-lifecycle" [_thread_blocked, id=18764, stack(0x000000f48cb00000,0x000000f48cc00000)]
  0x000002ae70110570 JavaThread "DestroyJavaVM" [_thread_blocked, id=9464, stack(0x000000f48b400000,0x000000f48b500000)]
  0x000002ae00a84030 JavaThread "pool-14-thread-1" [_thread_in_native, id=12332, stack(0x000000f48cc00000,0x000000f48cd00000)]
  0x000002ae0070b040 JavaThread "Simple-Language-Server main thread" daemon [_thread_blocked, id=13796, stack(0x000000f48cd00000,0x000000f48ce00000)]
  0x000002ae0070b520 JavaThread "pool-8-thread-1" [_thread_blocked, id=936, stack(0x000000f48ce00000,0x000000f48cf00000)]
  0x000002ae00c6dec0 JavaThread "parallel-1" daemon [_thread_blocked, id=3852, stack(0x000000f48cf00000,0x000000f48d000000)]
  0x000002ae00c6d9b0 JavaThread "parallel-2" daemon [_thread_blocked, id=2468, stack(0x000000f48d000000,0x000000f48d100000)]
  0x000002ae00c6e3d0 JavaThread "parallel-3" daemon [_thread_blocked, id=16420, stack(0x000000f48d100000,0x000000f48d200000)]
  0x000002ae00c6f810 JavaThread "parallel-4" daemon [_thread_blocked, id=13332, stack(0x000000f48d200000,0x000000f48d300000)]
  0x000002ae00c6c060 JavaThread "pool-6-thread-1" [_thread_blocked, id=16864, stack(0x000000f48d300000,0x000000f48d400000)]
  0x000002ae00c6f300 JavaThread "pool-5-thread-1" [_thread_blocked, id=17232, stack(0x000000f48d400000,0x000000f48d500000)]
  0x000002ae00c6e8e0 JavaThread "Reconciler-1" daemon [_thread_blocked, id=9632, stack(0x000000f48d500000,0x000000f48d600000)]
  0x000002ae00c6edf0 JavaThread "ForkJoinPool.commonPool-worker-1" daemon [_thread_blocked, id=1520, stack(0x000000f48d600000,0x000000f48d700000)]

Other Threads:
=>0x000002ae7a66fe50 VMThread "VM Thread" [stack: 0x000000f48ba00000,0x000000f48bb00000] [id=5752]
  0x000002ae7a9ca210 WatcherThread [stack: 0x000000f48c500000,0x000000f48c600000] [id=14488]
  0x000002ae7014e1f0 GCTaskThread "GC Thread#0" [stack: 0x000000f48b500000,0x000000f48b600000] [id=18080]
  0x000002ae7f3fe320 GCTaskThread "GC Thread#1" [stack: 0x000000f48c800000,0x000000f48c900000] [id=18380]
  0x000002ae7f3fe5e0 GCTaskThread "GC Thread#2" [stack: 0x000000f48c900000,0x000000f48ca00000] [id=9688]
  0x000002ae00037c90 GCTaskThread "GC Thread#3" [stack: 0x000000f48ca00000,0x000000f48cb00000] [id=7752]
  0x000002ae70157040 ConcurrentGCThread "G1 Main Marker" [stack: 0x000000f48b600000,0x000000f48b700000] [id=16712]
  0x000002ae70157a30 ConcurrentGCThread "G1 Conc#0" [stack: 0x000000f48b700000,0x000000f48b800000] [id=6588]
  0x000002ae701bd320 ConcurrentGCThread "G1 Refine#0" [stack: 0x000000f48b800000,0x000000f48b900000] [id=10568]
  0x000002ae701bec60 ConcurrentGCThread "G1 Service" [stack: 0x000000f48b900000,0x000000f48ba00000] [id=4924]

Threads with active compile tasks:

VM state: at safepoint (normal execution)

VM Mutex/Monitor currently owned by a thread:  ([mutex/lock_event])
[0x000002ae6e0414e0] Threads_lock - owner thread: 0x000002ae7a66fe50
[0x000002ae7010df90] Heap_lock - owner thread: 0x000002ae7a9bb3c0

Heap address: 0x00000000c0000000, size: 1024 MB, Compressed Oops mode: 32-bit

CDS archive(s) not mapped
Compressed class space mapped at: 0x0000000100000000-0x0000000140000000, reserved size: 1073741824
Narrow klass base: 0x0000000000000000, Narrow klass shift: 3, Narrow klass range: 0x140000000

GC Precious Log:
 CPUs: 4 total, 4 available
 Memory: 8106M
 Large Page Support: Disabled
 NUMA Support: Disabled
 Compressed Oops: Enabled (32-bit)
 Heap Region Size: 1M
 Heap Min Capacity: 8M
 Heap Initial Capacity: 128M
 Heap Max Capacity: 1G
 Pre-touch: Disabled
 Parallel Workers: 4
 Concurrent Workers: 1
 Concurrent Refinement Workers: 4
 Periodic GC: Disabled

Heap:
 garbage-first heap   total 75776K, used 37281K [0x00000000c0000000, 0x0000000100000000)
  region size 1024K, 10 young (10240K), 3 survivors (3072K)
 Metaspace       used 41115K, committed 41536K, reserved 1114112K
  class space    used 5271K, committed 5440K, reserved 1048576K

Heap Regions: E=young(eden), S=young(survivor), O=old, HS=humongous(starts), HC=humongous(continues), CS=collection set, F=free, OA=open archive, CA=closed archive, TAMS=top-at-mark-start (previous, next)
|   0|0x00000000c0000000, 0x00000000c0100000, 0x00000000c0100000|100%|HS|  |TAMS 0x00000000c0100000, 0x00000000c0000000| Complete 
|   1|0x00000000c0100000, 0x00000000c0200000, 0x00000000c0200000|100%|HC|  |TAMS 0x00000000c0200000, 0x00000000c0100000| Complete 
|   2|0x00000000c0200000, 0x00000000c0300000, 0x00000000c0300000|100%|HC|  |TAMS 0x00000000c0300000, 0x00000000c0200000| Complete 
|   3|0x00000000c0300000, 0x00000000c0400000, 0x00000000c0400000|100%|HC|  |TAMS 0x00000000c0400000, 0x00000000c0300000| Complete 
|   4|0x00000000c0400000, 0x00000000c0500000, 0x00000000c0500000|100%| O|  |TAMS 0x00000000c0500000, 0x00000000c0400000| Untracked 
|   5|0x00000000c0500000, 0x00000000c0600000, 0x00000000c0600000|100%| O|  |TAMS 0x00000000c0600000, 0x00000000c0500000| Untracked 
|   6|0x00000000c0600000, 0x00000000c0700000, 0x00000000c0700000|100%| O|  |TAMS 0x00000000c0700000, 0x00000000c0600000| Untracked 
|   7|0x00000000c0700000, 0x00000000c0800000, 0x00000000c0800000|100%| O|  |TAMS 0x00000000c0800000, 0x00000000c0700000| Untracked 
|   8|0x00000000c0800000, 0x00000000c0900000, 0x00000000c0900000|100%| O|  |TAMS 0x00000000c0900000, 0x00000000c0800000| Untracked 
|   9|0x00000000c0900000, 0x00000000c0a00000, 0x00000000c0a00000|100%| O|  |TAMS 0x00000000c0a00000, 0x00000000c0900000| Untracked 
|  10|0x00000000c0a00000, 0x00000000c0b00000, 0x00000000c0b00000|100%|HS|  |TAMS 0x00000000c0b00000, 0x00000000c0a00000| Complete 
|  11|0x00000000c0b00000, 0x00000000c0c00000, 0x00000000c0c00000|100%|HC|  |TAMS 0x00000000c0c00000, 0x00000000c0b00000| Complete 
|  12|0x00000000c0c00000, 0x00000000c0d00000, 0x00000000c0d00000|100%| O|  |TAMS 0x00000000c0d00000, 0x00000000c0c00000| Untracked 
|  13|0x00000000c0d00000, 0x00000000c0e00000, 0x00000000c0e00000|100%| O|  |TAMS 0x00000000c0e00000, 0x00000000c0d00000| Untracked 
|  14|0x00000000c0e00000, 0x00000000c0f00000, 0x00000000c0f00000|100%| O|  |TAMS 0x00000000c0f00000, 0x00000000c0e00000| Untracked 
|  15|0x00000000c0f00000, 0x00000000c0f73600, 0x00000000c1000000| 45%| O|  |TAMS 0x00000000c0f73600, 0x00000000c0f00000| Untracked 
|  16|0x00000000c1000000, 0x00000000c1100000, 0x00000000c1100000|100%| O|  |TAMS 0x00000000c1100000, 0x00000000c1000000| Untracked 
|  17|0x00000000c1100000, 0x00000000c1200000, 0x00000000c1200000|100%| O|  |TAMS 0x00000000c1200000, 0x00000000c1100000| Untracked 
|  18|0x00000000c1200000, 0x00000000c1300000, 0x00000000c1300000|100%| O|  |TAMS 0x00000000c1300000, 0x00000000c1200000| Untracked 
|  19|0x00000000c1300000, 0x00000000c1400000, 0x00000000c1400000|100%| O|  |TAMS 0x00000000c1400000, 0x00000000c1300000| Untracked 
|  20|0x00000000c1400000, 0x00000000c1500000, 0x00000000c1500000|100%| O|  |TAMS 0x00000000c1500000, 0x00000000c1400000| Untracked 
|  21|0x00000000c1500000, 0x00000000c1600000, 0x00000000c1600000|100%| O|  |TAMS 0x00000000c1600000, 0x00000000c1500000| Untracked 
|  22|0x00000000c1600000, 0x00000000c1700000, 0x00000000c1700000|100%| O|  |TAMS 0x00000000c1700000, 0x00000000c1600000| Untracked 
|  23|0x00000000c1700000, 0x00000000c1800000, 0x00000000c1800000|100%| O|  |TAMS 0x00000000c17f1c00, 0x00000000c1700000| Untracked 
|  24|0x00000000c1800000, 0x00000000c1900000, 0x00000000c1900000|100%| O|  |TAMS 0x00000000c1800000, 0x00000000c1800000| Untracked 
|  25|0x00000000c1900000, 0x00000000c1a00000, 0x00000000c1a00000|100%| O|  |TAMS 0x00000000c1900000, 0x00000000c1900000| Untracked 
|  26|0x00000000c1a00000, 0x00000000c1b00000, 0x00000000c1b00000|100%| O|  |TAMS 0x00000000c1a00000, 0x00000000c1a00000| Untracked 
|  27|0x00000000c1b00000, 0x00000000c1c00000, 0x00000000c1c00000|100%| O|  |TAMS 0x00000000c1b00000, 0x00000000c1b00000| Untracked 
|  28|0x00000000c1c00000, 0x00000000c1ca0400, 0x00000000c1d00000| 62%| O|  |TAMS 0x00000000c1c00000, 0x00000000c1c00000| Untracked 
|  29|0x00000000c1d00000, 0x00000000c1d00000, 0x00000000c1e00000|  0%| F|  |TAMS 0x00000000c1d00000, 0x00000000c1d00000| Untracked 
|  30|0x00000000c1e00000, 0x00000000c1e00000, 0x00000000c1f00000|  0%| F|  |TAMS 0x00000000c1e00000, 0x00000000c1e00000| Untracked 
|  31|0x00000000c1f00000, 0x00000000c1f00000, 0x00000000c2000000|  0%| F|  |TAMS 0x00000000c1f00000, 0x00000000c1f00000| Untracked 
|  32|0x00000000c2000000, 0x00000000c2000000, 0x00000000c2100000|  0%| F|  |TAMS 0x00000000c2000000, 0x00000000c2000000| Untracked 
|  33|0x00000000c2100000, 0x00000000c2100000, 0x00000000c2200000|  0%| F|  |TAMS 0x00000000c2100000, 0x00000000c2100000| Untracked 
|  34|0x00000000c2200000, 0x00000000c2200000, 0x00000000c2300000|  0%| F|  |TAMS 0x00000000c2200000, 0x00000000c2200000| Untracked 
|  35|0x00000000c2300000, 0x00000000c2300000, 0x00000000c2400000|  0%| F|  |TAMS 0x00000000c2300000, 0x00000000c2300000| Untracked 
|  36|0x00000000c2400000, 0x00000000c2400000, 0x00000000c2500000|  0%| F|  |TAMS 0x00000000c2400000, 0x00000000c2400000| Untracked 
|  37|0x00000000c2500000, 0x00000000c2500000, 0x00000000c2600000|  0%| F|  |TAMS 0x00000000c2500000, 0x00000000c2500000| Untracked 
|  38|0x00000000c2600000, 0x00000000c2600000, 0x00000000c2700000|  0%| F|  |TAMS 0x00000000c2600000, 0x00000000c2600000| Untracked 
|  39|0x00000000c2700000, 0x00000000c2700000, 0x00000000c2800000|  0%| F|  |TAMS 0x00000000c2700000, 0x00000000c2700000| Untracked 
|  40|0x00000000c2800000, 0x00000000c2800000, 0x00000000c2900000|  0%| F|  |TAMS 0x00000000c2800000, 0x00000000c2800000| Untracked 
|  41|0x00000000c2900000, 0x00000000c2900000, 0x00000000c2a00000|  0%| F|  |TAMS 0x00000000c2900000, 0x00000000c2900000| Untracked 
|  42|0x00000000c2a00000, 0x00000000c2a54c60, 0x00000000c2b00000| 33%| S|CS|TAMS 0x00000000c2a00000, 0x00000000c2a00000| Complete 
|  43|0x00000000c2b00000, 0x00000000c2c00000, 0x00000000c2c00000|100%| S|CS|TAMS 0x00000000c2b00000, 0x00000000c2b00000| Complete 
|  44|0x00000000c2c00000, 0x00000000c2d00000, 0x00000000c2d00000|100%| S|CS|TAMS 0x00000000c2c00000, 0x00000000c2c00000| Complete 
|  45|0x00000000c2d00000, 0x00000000c2d00000, 0x00000000c2e00000|  0%| F|  |TAMS 0x00000000c2d00000, 0x00000000c2d00000| Untracked 
|  46|0x00000000c2e00000, 0x00000000c2e00000, 0x00000000c2f00000|  0%| F|  |TAMS 0x00000000c2e00000, 0x00000000c2e00000| Untracked 
|  47|0x00000000c2f00000, 0x00000000c2f00000, 0x00000000c3000000|  0%| F|  |TAMS 0x00000000c2f00000, 0x00000000c2f00000| Untracked 
|  48|0x00000000c3000000, 0x00000000c3000000, 0x00000000c3100000|  0%| F|  |TAMS 0x00000000c3000000, 0x00000000c3000000| Untracked 
|  49|0x00000000c3100000, 0x00000000c3100000, 0x00000000c3200000|  0%| F|  |TAMS 0x00000000c3100000, 0x00000000c3100000| Untracked 
|  50|0x00000000c3200000, 0x00000000c3200000, 0x00000000c3300000|  0%| F|  |TAMS 0x00000000c3200000, 0x00000000c3200000| Untracked 
|  51|0x00000000c3300000, 0x00000000c3300000, 0x00000000c3400000|  0%| F|  |TAMS 0x00000000c3300000, 0x00000000c3300000| Untracked 
|  52|0x00000000c3400000, 0x00000000c3400000, 0x00000000c3500000|  0%| F|  |TAMS 0x00000000c3400000, 0x00000000c3400000| Untracked 
|  53|0x00000000c3500000, 0x00000000c3500000, 0x00000000c3600000|  0%| F|  |TAMS 0x00000000c3500000, 0x00000000c3500000| Untracked 
|  54|0x00000000c3600000, 0x00000000c3600000, 0x00000000c3700000|  0%| F|  |TAMS 0x00000000c3600000, 0x00000000c3600000| Untracked 
|  55|0x00000000c3700000, 0x00000000c3700000, 0x00000000c3800000|  0%| F|  |TAMS 0x00000000c3700000, 0x00000000c3700000| Untracked 
|  56|0x00000000c3800000, 0x00000000c3800000, 0x00000000c3900000|  0%| F|  |TAMS 0x00000000c3800000, 0x00000000c3800000| Untracked 
|  57|0x00000000c3900000, 0x00000000c3900000, 0x00000000c3a00000|  0%| F|  |TAMS 0x00000000c3900000, 0x00000000c3900000| Untracked 
|  58|0x00000000c3a00000, 0x00000000c3a00000, 0x00000000c3b00000|  0%| F|  |TAMS 0x00000000c3a00000, 0x00000000c3a00000| Untracked 
|  59|0x00000000c3b00000, 0x00000000c3b00000, 0x00000000c3c00000|  0%| F|  |TAMS 0x00000000c3b00000, 0x00000000c3b00000| Untracked 
|  60|0x00000000c3c00000, 0x00000000c3c00000, 0x00000000c3d00000|  0%| F|  |TAMS 0x00000000c3c00000, 0x00000000c3c00000| Untracked 
|  61|0x00000000c3d00000, 0x00000000c3d00000, 0x00000000c3e00000|  0%| F|  |TAMS 0x00000000c3d00000, 0x00000000c3d00000| Untracked 
|  62|0x00000000c3e00000, 0x00000000c3e00000, 0x00000000c3f00000|  0%| F|  |TAMS 0x00000000c3e00000, 0x00000000c3e00000| Untracked 
|  63|0x00000000c3f00000, 0x00000000c3f00000, 0x00000000c4000000|  0%| F|  |TAMS 0x00000000c3f00000, 0x00000000c3f00000| Untracked 
|  64|0x00000000c4000000, 0x00000000c4000000, 0x00000000c4100000|  0%| F|  |TAMS 0x00000000c4000000, 0x00000000c4000000| Untracked 
|  65|0x00000000c4100000, 0x00000000c4100000, 0x00000000c4200000|  0%| F|  |TAMS 0x00000000c4100000, 0x00000000c4100000| Untracked 
|  66|0x00000000c4200000, 0x00000000c4200000, 0x00000000c4300000|  0%| F|  |TAMS 0x00000000c4200000, 0x00000000c4200000| Untracked 
|  67|0x00000000c4300000, 0x00000000c43d9ae8, 0x00000000c4400000| 85%| E|  |TAMS 0x00000000c4300000, 0x00000000c4300000| Complete 
|  79|0x00000000c4f00000, 0x00000000c5000000, 0x00000000c5000000|100%| E|CS|TAMS 0x00000000c4f00000, 0x00000000c4f00000| Complete 
|  80|0x00000000c5000000, 0x00000000c5100000, 0x00000000c5100000|100%| E|CS|TAMS 0x00000000c5000000, 0x00000000c5000000| Complete 
|  81|0x00000000c5100000, 0x00000000c5200000, 0x00000000c5200000|100%| E|CS|TAMS 0x00000000c5100000, 0x00000000c5100000| Complete 
|  82|0x00000000c5200000, 0x00000000c5300000, 0x00000000c5300000|100%| E|CS|TAMS 0x00000000c5200000, 0x00000000c5200000| Complete 
|  83|0x00000000c5300000, 0x00000000c5400000, 0x00000000c5400000|100%| E|CS|TAMS 0x00000000c5300000, 0x00000000c5300000| Complete 
| 127|0x00000000c7f00000, 0x00000000c8000000, 0x00000000c8000000|100%| E|CS|TAMS 0x00000000c7f00000, 0x00000000c7f00000| Complete 

Card table byte_map: [0x000002ae75da0000,0x000002ae75fa0000] _byte_map_base: 0x000002ae757a0000

Marking Bits (Prev, Next): (CMBitMap*) 0x000002ae7014e710, (CMBitMap*) 0x000002ae7014e750
 Prev Bits: [0x000002ae761a0000, 0x000002ae771a0000)
 Next Bits: [0x000002ae771a0000, 0x000002ae781a0000)

Polling page: 0x000002ae6dfb0000

Metaspace:

Usage:
  Non-class:     35.00 MB used.
      Class:      5.15 MB used.
       Both:     40.15 MB used.

Virtual space:
  Non-class space:       64.00 MB reserved,      35.25 MB ( 55%) committed,  1 nodes.
      Class space:        1.00 GB reserved,       5.31 MB ( <1%) committed,  1 nodes.
             Both:        1.06 GB reserved,      40.56 MB (  4%) committed. 

Chunk freelists:
   Non-Class:  12.15 MB
       Class:  10.62 MB
        Both:  22.78 MB

MaxMetaspaceSize: unlimited
CompressedClassSpaceSize: 1.00 GB
Initial GC threshold: 21.00 MB
Current GC threshold: 58.69 MB
CDS: off
MetaspaceReclaimPolicy: balanced
 - commit_granule_bytes: 65536.
 - commit_granule_words: 8192.
 - virtual_space_node_default_size: 8388608.
 - enlarge_chunks_in_place: 1.
 - new_chunks_are_fully_committed: 0.
 - uncommit_free_chunks: 1.
 - use_allocation_guard: 0.
 - handle_deallocations: 1.


Internal statistics:

num_allocs_failed_limit: 6.
num_arena_births: 502.
num_arena_deaths: 0.
num_vsnodes_births: 2.
num_vsnodes_deaths: 0.
num_space_committed: 648.
num_space_uncommitted: 0.
num_chunks_returned_to_freelist: 6.
num_chunks_taken_from_freelist: 1738.
num_chunk_merges: 6.
num_chunk_splits: 1201.
num_chunks_enlarged: 913.
num_inconsistent_stats: 0.

CodeCache: size=49152Kb used=6811Kb max_used=6877Kb free=42340Kb
 bounds [0x000002ae72da0000, 0x000002ae73460000, 0x000002ae75da0000]
 total_blobs=4212 nmethods=3664 adapters=475
 compilation: enabled
              stopped_count=0, restarted_count=0
 full_count=0

Compilation events (20 events):
Event: 40.560 Thread 0x000002ae7a7dcbd0 3656       1       org.eclipse.lsp4j.jsonrpc.json.adapters.TypeUtils::isTwoTuple (39 bytes)
Event: 40.561 Thread 0x000002ae7a7dcbd0 nmethod 3656 0x000002ae72ed2a90 code [0x000002ae72ed2c60, 0x000002ae72ed2ee8]
Event: 47.158 Thread 0x000002ae7a7dcbd0 3657       1       com.google.gson.internal.bind.ReflectiveTypeAdapterFactory$FieldReflectionAdapter::readField (7 bytes)
Event: 47.158 Thread 0x000002ae7a7dcbd0 nmethod 3657 0x000002ae72ed2790 code [0x000002ae72ed2920, 0x000002ae72ed2a08]
Event: 47.158 Thread 0x000002ae7a7dcbd0 3658       1       com.google.gson.internal.bind.ReflectiveTypeAdapterFactory$1::readIntoField (93 bytes)
Event: 47.159 Thread 0x000002ae7a7dcbd0 nmethod 3658 0x000002ae72ed1d10 code [0x000002ae72ed1f60, 0x000002ae72ed24a8]
Event: 47.160 Thread 0x000002ae7a7dcbd0 3659       1       com.google.gson.stream.JsonWriter::beforeName (47 bytes)
Event: 47.160 Thread 0x000002ae7a7dcbd0 nmethod 3659 0x000002ae72ed1690 code [0x000002ae72ed1860, 0x000002ae72ed1b18]
Event: 47.161 Thread 0x000002ae7a7dcbd0 3660       1       java.net.URI::getScheme (5 bytes)
Event: 47.161 Thread 0x000002ae7a7dcbd0 nmethod 3660 0x000002ae72ed1390 code [0x000002ae72ed1520, 0x000002ae72ed15f8]
Event: 49.770 Thread 0x000002ae7a7dcbd0 3661       1       java.util.concurrent.locks.AbstractQueuedSynchronizer::signalNext (34 bytes)
Event: 49.771 Thread 0x000002ae7a7dcbd0 nmethod 3661 0x000002ae72ed0f90 code [0x000002ae72ed1120, 0x000002ae72ed1268]
Event: 79.829 Thread 0x000002ae7a7dcbd0 3662       1       java.lang.invoke.StringConcatFactory::parseRecipe (198 bytes)
Event: 79.832 Thread 0x000002ae7a7dcbd0 nmethod 3662 0x000002ae72ecf690 code [0x000002ae72ecf960, 0x000002ae72ed06b8]
Event: 79.832 Thread 0x000002ae7a7dcbd0 3664       1       java.lang.invoke.MethodHandles::argumentsWithCombinerChecks (197 bytes)
Event: 79.834 Thread 0x000002ae7a7dcbd0 nmethod 3664 0x000002ae72ece310 code [0x000002ae72ece600, 0x000002ae72ecef78]
Event: 79.834 Thread 0x000002ae7a7dcbd0 3663       1       java.lang.invoke.MethodHandles::argumentsWithCombiner (130 bytes)
Event: 79.836 Thread 0x000002ae7a7dcbd0 nmethod 3663 0x000002ae72ecd710 code [0x000002ae72ecd920, 0x000002ae72ecddf8]
Event: 86.522 Thread 0x000002ae7a7dcbd0 3667       1       java.util.logging.Logger::getName (5 bytes)
Event: 86.522 Thread 0x000002ae7a7dcbd0 nmethod 3667 0x000002ae72ecce10 code [0x000002ae72eccfa0, 0x000002ae72ecd078]

GC Heap History (16 events):
Event: 4.690 GC heap before
{Heap before GC invocations=0 (full 0):
 garbage-first heap   total 131072K, used 16384K [0x00000000c0000000, 0x0000000100000000)
  region size 1024K, 13 young (13312K), 0 survivors (0K)
 Metaspace       used 5282K, committed 5376K, reserved 1114112K
  class space    used 495K, committed 512K, reserved 1048576K
}
Event: 4.931 GC heap after
{Heap after GC invocations=1 (full 0):
 garbage-first heap   total 131072K, used 11448K [0x00000000c0000000, 0x0000000100000000)
  region size 1024K, 2 young (2048K), 2 survivors (2048K)
 Metaspace       used 5282K, committed 5376K, reserved 1114112K
  class space    used 495K, committed 512K, reserved 1048576K
}
Event: 7.380 GC heap before
{Heap before GC invocations=1 (full 0):
 garbage-first heap   total 131072K, used 21688K [0x00000000c0000000, 0x0000000100000000)
  region size 1024K, 11 young (11264K), 2 survivors (2048K)
 Metaspace       used 7810K, committed 7936K, reserved 1114112K
  class space    used 832K, committed 896K, reserved 1048576K
}
Event: 7.397 GC heap after
{Heap after GC invocations=2 (full 0):
 garbage-first heap   total 131072K, used 15633K [0x00000000c0000000, 0x0000000100000000)
  region size 1024K, 2 young (2048K), 2 survivors (2048K)
 Metaspace       used 7810K, committed 7936K, reserved 1114112K
  class space    used 832K, committed 896K, reserved 1048576K
}
Event: 8.956 GC heap before
{Heap before GC invocations=2 (full 0):
 garbage-first heap   total 131072K, used 30993K [0x00000000c0000000, 0x0000000100000000)
  region size 1024K, 17 young (17408K), 2 survivors (2048K)
 Metaspace       used 11899K, committed 12160K, reserved 1114112K
  class space    used 1450K, committed 1600K, reserved 1048576K
}
Event: 8.962 GC heap after
{Heap after GC invocations=3 (full 0):
 garbage-first heap   total 131072K, used 16987K [0x00000000c0000000, 0x0000000100000000)
  region size 1024K, 2 young (2048K), 2 survivors (2048K)
 Metaspace       used 11899K, committed 12160K, reserved 1114112K
  class space    used 1450K, committed 1600K, reserved 1048576K
}
Event: 11.940 GC heap before
{Heap before GC invocations=3 (full 0):
 garbage-first heap   total 131072K, used 57947K [0x00000000c0000000, 0x0000000100000000)
  region size 1024K, 44 young (45056K), 2 survivors (2048K)
 Metaspace       used 21233K, committed 21504K, reserved 1114112K
  class space    used 2612K, committed 2752K, reserved 1048576K
}
Event: 11.949 GC heap after
{Heap after GC invocations=4 (full 0):
 garbage-first heap   total 131072K, used 20656K [0x00000000c0000000, 0x0000000100000000)
  region size 1024K, 5 young (5120K), 5 survivors (5120K)
 Metaspace       used 21233K, committed 21504K, reserved 1114112K
  class space    used 2612K, committed 2752K, reserved 1048576K
}
Event: 16.331 GC heap before
{Heap before GC invocations=5 (full 0):
 garbage-first heap   total 75776K, used 59568K [0x00000000c0000000, 0x0000000100000000)
  region size 1024K, 44 young (45056K), 5 survivors (5120K)
 Metaspace       used 28090K, committed 28352K, reserved 1114112K
  class space    used 3500K, committed 3584K, reserved 1048576K
}
Event: 16.346 GC heap after
{Heap after GC invocations=6 (full 0):
 garbage-first heap   total 75776K, used 23727K [0x00000000c0000000, 0x0000000100000000)
  region size 1024K, 4 young (4096K), 4 survivors (4096K)
 Metaspace       used 28090K, committed 28352K, reserved 1114112K
  class space    used 3500K, committed 3584K, reserved 1048576K
}
Event: 21.286 GC heap before
{Heap before GC invocations=6 (full 0):
 garbage-first heap   total 75776K, used 50351K [0x00000000c0000000, 0x0000000100000000)
  region size 1024K, 30 young (30720K), 4 survivors (4096K)
 Metaspace       used 32387K, committed 32768K, reserved 1114112K
  class space    used 4114K, committed 4288K, reserved 1048576K
}
Event: 21.301 GC heap after
{Heap after GC invocations=7 (full 0):
 garbage-first heap   total 75776K, used 25962K [0x00000000c0000000, 0x0000000100000000)
  region size 1024K, 2 young (2048K), 2 survivors (2048K)
 Metaspace       used 32387K, committed 32768K, reserved 1114112K
  class space    used 4114K, committed 4288K, reserved 1048576K
}
Event: 25.744 GC heap before
{Heap before GC invocations=7 (full 0):
 garbage-first heap   total 75776K, used 49514K [0x00000000c0000000, 0x0000000100000000)
  region size 1024K, 25 young (25600K), 2 survivors (2048K)
 Metaspace       used 35604K, committed 35968K, reserved 1114112K
  class space    used 4390K, committed 4608K, reserved 1048576K
}
Event: 25.759 GC heap after
{Heap after GC invocations=8 (full 0):
 garbage-first heap   total 75776K, used 28732K [0x00000000c0000000, 0x0000000100000000)
  region size 1024K, 4 young (4096K), 4 survivors (4096K)
 Metaspace       used 35604K, committed 35968K, reserved 1114112K
  class space    used 4390K, committed 4608K, reserved 1048576K
}
Event: 35.817 GC heap before
{Heap before GC invocations=9 (full 0):
 garbage-first heap   total 75776K, used 54332K [0x00000000c0000000, 0x0000000100000000)
  region size 1024K, 29 young (29696K), 4 survivors (4096K)
 Metaspace       used 40163K, committed 40512K, reserved 1114112K
  class space    used 5073K, committed 5248K, reserved 1048576K
}
Event: 35.825 GC heap after
{Heap after GC invocations=10 (full 0):
 garbage-first heap   total 75776K, used 31137K [0x00000000c0000000, 0x0000000100000000)
  region size 1024K, 3 young (3072K), 3 survivors (3072K)
 Metaspace       used 40163K, committed 40512K, reserved 1114112K
  class space    used 5073K, committed 5248K, reserved 1048576K
}

Dll operation events (8 events):
Event: 0.030 Loaded shared library c:\Users\Mateja\.vscode\extensions\redhat.java-1.33.0-win32-x64\jre\17.0.11-win32-x86_64\bin\java.dll
Event: 3.279 Loaded shared library C:\Users\Mateja\.vscode\extensions\redhat.java-1.33.0-win32-x64\jre\17.0.11-win32-x86_64\bin\net.dll
Event: 3.286 Loaded shared library C:\Users\Mateja\.vscode\extensions\redhat.java-1.33.0-win32-x64\jre\17.0.11-win32-x86_64\bin\nio.dll
Event: 3.306 Loaded shared library C:\Users\Mateja\.vscode\extensions\redhat.java-1.33.0-win32-x64\jre\17.0.11-win32-x86_64\bin\zip.dll
Event: 5.083 Loaded shared library C:\Users\Mateja\.vscode\extensions\redhat.java-1.33.0-win32-x64\jre\17.0.11-win32-x86_64\bin\jimage.dll
Event: 11.713 Loaded shared library c:\Users\Mateja\.vscode\extensions\redhat.java-1.33.0-win32-x64\jre\17.0.11-win32-x86_64\bin\verify.dll
Event: 30.057 Loaded shared library C:\Users\Mateja\.vscode\extensions\redhat.java-1.33.0-win32-x64\jre\17.0.11-win32-x86_64\bin\management.dll
Event: 30.110 Loaded shared library C:\Users\Mateja\.vscode\extensions\redhat.java-1.33.0-win32-x64\jre\17.0.11-win32-x86_64\bin\management_ext.dll

Deoptimization events (4 events):
Event: 35.856 Thread 0x000002ae00a84030 DEOPT PACKING pc=0x000002ae732e2001 sp=0x000000f48ccfdb80
Event: 35.856 Thread 0x000002ae00a84030 DEOPT UNPACKING pc=0x000002ae72df7143 sp=0x000000f48ccfd010 mode 3
Event: 35.860 Thread 0x000002ae0070b520 DEOPT PACKING pc=0x000002ae732c2c17 sp=0x000000f48cefeed0
Event: 35.860 Thread 0x000002ae0070b520 DEOPT UNPACKING pc=0x000002ae72df7143 sp=0x000000f48cefe328 mode 3

Classes unloaded (0 events):
No events

Classes redefined (0 events):
No events

Internal exceptions (20 events):
Event: 18.655 Thread 0x000002ae70110570 Exception <a 'java/lang/NoSuchMethodError'{0x00000000c3e83338}: 'java.lang.Object java.lang.invoke.Invokers$Holder.invoke_MT(java.lang.Object, java.lang.Object, java.lang.Object, java.lang.Object, java.lang.Object, java.lang.Object, java.lang.Object, java.lang.Object, java.lang.Object, java.lang.Object)'> (0x00000000c3e83338) 
thrown [s\src\hotspot\share\interpreter\linkResolver.cpp, line 759]
Event: 18.691 Thread 0x000002ae70110570 Exception <a 'java/lang/NoSuchMethodError'{0x00000000c3ecb380}: 'java.lang.Object java.lang.invoke.DirectMethodHandle$Holder.invokeSpecial(java.lang.Object, java.lang.Object, int, java.lang.Object, java.lang.Object)'> (0x00000000c3ecb380) 
thrown [s\src\hotspot\share\interpreter\linkResolver.cpp, line 759]
Event: 18.694 Thread 0x000002ae70110570 Exception <a 'java/lang/NoSuchMethodError'{0x00000000c3ecf028}: 'java.lang.Object java.lang.invoke.DelegatingMethodHandle$Holder.delegate(java.lang.Object, int, java.lang.Object, java.lang.Object)'> (0x00000000c3ecf028) 
thrown [s\src\hotspot\share\interpreter\linkResolver.cpp, line 759]
Event: 18.707 Thread 0x000002ae70110570 Exception <a 'java/lang/NoSuchMethodError'{0x00000000c3edfed0}: 'int java.lang.invoke.Invokers$Holder.linkToTargetMethod(java.lang.Object, java.lang.Object, java.lang.Object)'> (0x00000000c3edfed0) 
thrown [s\src\hotspot\share\interpreter\linkResolver.cpp, line 759]
Event: 19.526 Thread 0x000002ae70110570 Exception <a 'java/lang/NoSuchMethodError'{0x00000000c3985c58}: 'java.lang.Object java.lang.invoke.DirectMethodHandle$Holder.invokeStaticInit(java.lang.Object, int, int, int, int)'> (0x00000000c3985c58) 
thrown [s\src\hotspot\share\interpreter\linkResolver.cpp, line 759]
Event: 19.920 Thread 0x000002ae70110570 Exception <a 'java/lang/NoSuchMethodError'{0x00000000c382b038}: 'java.lang.Object java.lang.invoke.DirectMethodHandle$Holder.invokeStaticInit(java.lang.Object, java.lang.Object, int, int, int, int)'> (0x00000000c382b038) 
thrown [s\src\hotspot\share\interpreter\linkResolver.cpp, line 759]
Event: 21.267 Thread 0x000002ae70110570 Exception <a 'java/lang/NoSuchMethodError'{0x00000000c30ab418}: 'void java.lang.invoke.DirectMethodHandle$Holder.invokeSpecialIFC(java.lang.Object, java.lang.Object, java.lang.Object)'> (0x00000000c30ab418) 
thrown [s\src\hotspot\share\interpreter\linkResolver.cpp, line 759]
Event: 25.854 Thread 0x000002ae70110570 Exception <a 'java/lang/NoSuchMethodError'{0x00000000c7f88570}: 'int java.lang.invoke.DirectMethodHandle$Holder.invokeStaticInit(java.lang.Object, java.lang.Object, int, java.lang.Object)'> (0x00000000c7f88570) 
thrown [s\src\hotspot\share\interpreter\linkResolver.cpp, line 759]
Event: 26.471 Thread 0x000002ae70110570 Exception <a 'java/lang/NoSuchMethodError'{0x00000000c53c2b08}: 'void java.lang.invoke.DirectMethodHandle$Holder.invokeSpecial(java.lang.Object, java.lang.Object, java.lang.Object, java.lang.Object, java.lang.Object, java.lang.Object, java.lang.Object)'> (0x00000000c53c2b08) 
thrown [s\src\hotspot\share\interpreter\linkResolver.cpp, line 759]
Event: 28.177 Thread 0x000002ae70110570 Exception <a 'java/lang/NoSuchMethodError'{0x00000000c4215cd0}: 'java.lang.Object java.lang.invoke.DirectMethodHandle$Holder.invokeInterface(java.lang.Object, java.lang.Object, int)'> (0x00000000c4215cd0) 
thrown [s\src\hotspot\share\interpreter\linkResolver.cpp, line 759]
Event: 28.181 Thread 0x000002ae70110570 Exception <a 'java/lang/IncompatibleClassChangeError'{0x00000000c422ca88}: Found class java.lang.Object, but interface was expected> (0x00000000c422ca88) 
thrown [s\src\hotspot\share\interpreter\linkResolver.cpp, line 826]
Event: 29.837 Thread 0x000002ae70110570 Exception <a 'java/lang/NoSuchMethodError'{0x00000000c3c1b630}: 'java.lang.Object java.lang.invoke.DirectMethodHandle$Holder.newInvokeSpecial(java.lang.Object, java.lang.Object, int, java.lang.Object, java.lang.Object)'> (0x00000000c3c1b630) 
thrown [s\src\hotspot\share\interpreter\linkResolver.cpp, line 759]
Event: 29.840 Thread 0x000002ae70110570 Exception <a 'java/lang/NoSuchMethodError'{0x00000000c3c32638}: 'java.lang.Object java.lang.invoke.DirectMethodHandle$Holder.newInvokeSpecial(java.lang.Object, java.lang.Object, java.lang.Object, int)'> (0x00000000c3c32638) 
thrown [s\src\hotspot\share\interpreter\linkResolver.cpp, line 759]
Event: 29.841 Thread 0x000002ae70110570 Exception <a 'java/lang/NoSuchMethodError'{0x00000000c3c36920}: 'java.lang.Object java.lang.invoke.DirectMethodHandle$Holder.invokeSpecial(java.lang.Object, java.lang.Object, java.lang.Object, java.lang.Object, int)'> (0x00000000c3c36920) 
thrown [s\src\hotspot\share\interpreter\linkResolver.cpp, line 759]
Event: 29.841 Thread 0x000002ae70110570 Exception <a 'java/lang/NoSuchMethodError'{0x00000000c3c3a4e8}: 'java.lang.Object java.lang.invoke.Invokers$Holder.linkToTargetMethod(java.lang.Object, java.lang.Object, int, java.lang.Object)'> (0x00000000c3c3a4e8) 
thrown [s\src\hotspot\share\interpreter\linkResolver.cpp, line 759]
Event: 35.540 Thread 0x000002ae00a84030 Exception <a 'java/lang/NoSuchMethodError'{0x00000000c2f980e8}: 'java.lang.Object java.lang.invoke.DirectMethodHandle$Holder.invokeStatic(java.lang.Object, java.lang.Object, java.lang.Object, int, java.lang.Object, java.lang.Object)'> (0x00000000c2f980e8) 
thrown [s\src\hotspot\share\interpreter\linkResolver.cpp, line 759]
Event: 37.611 Thread 0x000002ae00c6e8e0 Exception <a 'java/lang/NoSuchMethodError'{0x00000000c4fed8f8}: 'int java.lang.invoke.DirectMethodHandle$Holder.invokeStatic(java.lang.Object)'> (0x00000000c4fed8f8) 
thrown [s\src\hotspot\share\interpreter\linkResolver.cpp, line 759]
Event: 37.611 Thread 0x000002ae00c6e8e0 Exception <a 'java/lang/NoSuchMethodError'{0x00000000c4ff0cf8}: 'int java.lang.invoke.DirectMethodHandle$Holder.invokeStaticInit(java.lang.Object)'> (0x00000000c4ff0cf8) 
thrown [s\src\hotspot\share\interpreter\linkResolver.cpp, line 759]
Event: 80.011 Thread 0x000002ae7a9bb3c0 Exception <a 'java/lang/NoSuchMethodError'{0x00000000c434c840}: 'void java.lang.invoke.DirectMethodHandle$Holder.invokeStatic(java.lang.Object, long)'> (0x00000000c434c840) 
thrown [s\src\hotspot\share\interpreter\linkResolver.cpp, line 759]
Event: 80.012 Thread 0x000002ae7a9bb3c0 Exception <a 'java/lang/NoSuchMethodError'{0x00000000c4351be8}: 'java.lang.Object java.lang.invoke.DirectMethodHandle$Holder.newInvokeSpecial(java.lang.Object, long)'> (0x00000000c4351be8) 
thrown [s\src\hotspot\share\interpreter\linkResolver.cpp, line 759]

VM Operations (20 events):
Event: 34.921 Executing VM operation: Cleanup done
Event: 35.718 Executing VM operation: G1CollectForAllocation
Event: 35.826 Executing VM operation: G1CollectForAllocation done
Event: 36.185 Executing VM operation: HandshakeAllThreads
Event: 36.568 Executing VM operation: HandshakeAllThreads done
Event: 37.575 Executing VM operation: Cleanup
Event: 37.606 Executing VM operation: Cleanup done
Event: 38.620 Executing VM operation: Cleanup
Event: 38.620 Executing VM operation: Cleanup done
Event: 40.637 Executing VM operation: Cleanup
Event: 40.637 Executing VM operation: Cleanup done
Event: 47.687 Executing VM operation: Cleanup
Event: 47.687 Executing VM operation: Cleanup done
Event: 48.701 Executing VM operation: Cleanup
Event: 48.701 Executing VM operation: Cleanup done
Event: 60.276 Executing VM operation: HandshakeAllThreads
Event: 60.276 Executing VM operation: HandshakeAllThreads done
Event: 80.014 Executing VM operation: HandshakeAllThreads
Event: 80.014 Executing VM operation: HandshakeAllThreads done
Event: 86.524 Executing VM operation: G1CollectFull

Events (20 events):
Event: 37.617 loading class java/util/concurrent/atomic/AtomicLongFieldUpdater$CASUpdater done
Event: 37.617 loading class java/util/concurrent/atomic/AtomicLongFieldUpdater$CASUpdater$1
Event: 37.617 loading class java/util/concurrent/atomic/AtomicLongFieldUpdater$CASUpdater$1 done
Event: 40.454 loading class java/util/concurrent/CompletableFuture$UniCompose
Event: 40.454 loading class java/util/concurrent/CompletableFuture$UniCompose done
Event: 40.454 loading class java/util/concurrent/ForkJoinPool$DefaultCommonPoolForkJoinWorkerThreadFactory$1
Event: 40.455 loading class java/util/concurrent/ForkJoinPool$DefaultCommonPoolForkJoinWorkerThreadFactory$1 done
Event: 40.459 Thread 0x000002ae00c6edf0 Thread added: 0x000002ae00c6edf0
Event: 79.830 loading class java/lang/ProcessBuilder
Event: 79.832 loading class java/lang/ProcessBuilder done
Event: 79.832 loading class java/lang/ProcessImpl
Event: 79.833 loading class java/lang/ProcessImpl done
Event: 80.013 loading class java/lang/ProcessImpl$2
Event: 80.013 loading class java/lang/ProcessImpl$2 done
Event: 80.013 loading class java/lang/Process$PipeInputStream
Event: 80.013 loading class java/lang/Process$PipeInputStream done
Event: 80.015 loading class jdk/internal/event/ProcessStartEvent
Event: 80.015 loading class jdk/internal/event/ProcessStartEvent done
Event: 86.522 loading class java/io/FileOutputStream$1
Event: 86.523 loading class java/io/FileOutputStream$1 done


Dynamic libraries:
0x00007ff6b1b20000 - 0x00007ff6b1b2e000 	c:\Users\Mateja\.vscode\extensions\redhat.java-1.33.0-win32-x64\jre\17.0.11-win32-x86_64\bin\java.exe
0x00007ffca7270000 - 0x00007ffca7468000 	C:\Windows\SYSTEM32\ntdll.dll
0x00007ffc92610000 - 0x00007ffc9262a000 	C:\Program Files\Avast Software\Avast\aswhook.dll
0x00007ffca66f0000 - 0x00007ffca67b1000 	C:\Windows\System32\KERNEL32.DLL
0x00007ffca4ce0000 - 0x00007ffca4fd6000 	C:\Windows\System32\KERNELBASE.dll
0x00007ffca4920000 - 0x00007ffca4a20000 	C:\Windows\System32\ucrtbase.dll
0x00007ffc9f190000 - 0x00007ffc9f1a7000 	c:\Users\Mateja\.vscode\extensions\redhat.java-1.33.0-win32-x64\jre\17.0.11-win32-x86_64\bin\jli.dll
0x00007ffc9e990000 - 0x00007ffc9e9ab000 	c:\Users\Mateja\.vscode\extensions\redhat.java-1.33.0-win32-x64\jre\17.0.11-win32-x86_64\bin\VCRUNTIME140.dll
0x00007ffca6f40000 - 0x00007ffca70df000 	C:\Windows\System32\USER32.dll
0x00007ffca4b90000 - 0x00007ffca4bb2000 	C:\Windows\System32\win32u.dll
0x00007ffca6820000 - 0x00007ffca684b000 	C:\Windows\System32\GDI32.dll
0x00007ffca4a70000 - 0x00007ffca4b87000 	C:\Windows\System32\gdi32full.dll
0x00007ffca4fe0000 - 0x00007ffca507d000 	C:\Windows\System32\msvcp_win.dll
0x00007ffc8c3f0000 - 0x00007ffc8c68a000 	C:\Windows\WinSxS\amd64_microsoft.windows.common-controls_6595b64144ccf1df_6.0.19041.4355_none_60b8b9eb71f62e16\COMCTL32.dll
0x00007ffca5320000 - 0x00007ffca53be000 	C:\Windows\System32\msvcrt.dll
0x00007ffca66c0000 - 0x00007ffca66ef000 	C:\Windows\System32\IMM32.DLL
0x00007ffc9e560000 - 0x00007ffc9e56c000 	c:\Users\Mateja\.vscode\extensions\redhat.java-1.33.0-win32-x64\jre\17.0.11-win32-x86_64\bin\vcruntime140_1.dll
0x00007ffc85380000 - 0x00007ffc8540d000 	c:\Users\Mateja\.vscode\extensions\redhat.java-1.33.0-win32-x64\jre\17.0.11-win32-x86_64\bin\msvcp140.dll
0x00007ffc46c10000 - 0x00007ffc47872000 	c:\Users\Mateja\.vscode\extensions\redhat.java-1.33.0-win32-x64\jre\17.0.11-win32-x86_64\bin\server\jvm.dll
0x00007ffca53c0000 - 0x00007ffca5470000 	C:\Windows\System32\ADVAPI32.dll
0x00007ffca6050000 - 0x00007ffca60f0000 	C:\Windows\System32\sechost.dll
0x00007ffca6e10000 - 0x00007ffca6f33000 	C:\Windows\System32\RPCRT4.dll
0x00007ffca5080000 - 0x00007ffca50a7000 	C:\Windows\System32\bcrypt.dll
0x00007ffca3e50000 - 0x00007ffca3e9b000 	C:\Windows\SYSTEM32\POWRPROF.dll
0x00007ffc98f20000 - 0x00007ffc98f29000 	C:\Windows\SYSTEM32\WSOCK32.dll
0x00007ffca6520000 - 0x00007ffca658b000 	C:\Windows\System32\WS2_32.dll
0x00007ffc9f7f0000 - 0x00007ffc9f817000 	C:\Windows\SYSTEM32\WINMM.dll
0x00007ffc91010000 - 0x00007ffc9101a000 	C:\Windows\SYSTEM32\VERSION.dll
0x00007ffca3d10000 - 0x00007ffca3d22000 	C:\Windows\SYSTEM32\UMPDC.dll
0x00007ffca27a0000 - 0x00007ffca27b2000 	C:\Windows\SYSTEM32\kernel.appcore.dll
0x00007ffc9e550000 - 0x00007ffc9e55a000 	c:\Users\Mateja\.vscode\extensions\redhat.java-1.33.0-win32-x64\jre\17.0.11-win32-x86_64\bin\jimage.dll
0x00007ffc9cba0000 - 0x00007ffc9cd84000 	C:\Windows\SYSTEM32\DBGHELP.DLL
0x00007ffc9cb60000 - 0x00007ffc9cb94000 	C:\Windows\SYSTEM32\dbgcore.DLL
0x00007ffca5210000 - 0x00007ffca5292000 	C:\Windows\System32\bcryptPrimitives.dll
0x00007ffc8ecc0000 - 0x00007ffc8ece5000 	c:\Users\Mateja\.vscode\extensions\redhat.java-1.33.0-win32-x64\jre\17.0.11-win32-x86_64\bin\java.dll
0x00007ffc9f380000 - 0x00007ffc9f398000 	c:\Users\Mateja\.vscode\extensions\redhat.java-1.33.0-win32-x64\jre\17.0.11-win32-x86_64\bin\zip.dll
0x00007ffca54d0000 - 0x00007ffca5c3c000 	C:\Windows\System32\SHELL32.dll
0x00007ffca29a0000 - 0x00007ffca313e000 	C:\Windows\SYSTEM32\windows.storage.dll
0x00007ffca5cf0000 - 0x00007ffca6043000 	C:\Windows\System32\combase.dll
0x00007ffca4340000 - 0x00007ffca436e000 	C:\Windows\SYSTEM32\Wldp.dll
0x00007ffca7160000 - 0x00007ffca722d000 	C:\Windows\System32\OLEAUT32.dll
0x00007ffca6340000 - 0x00007ffca63ed000 	C:\Windows\System32\SHCORE.dll
0x00007ffca6da0000 - 0x00007ffca6df5000 	C:\Windows\System32\shlwapi.dll
0x00007ffca4850000 - 0x00007ffca4874000 	C:\Windows\SYSTEM32\profapi.dll
0x00007ffc98010000 - 0x00007ffc98029000 	C:\Users\Mateja\.vscode\extensions\redhat.java-1.33.0-win32-x64\jre\17.0.11-win32-x86_64\bin\net.dll
0x00007ffc9ea70000 - 0x00007ffc9eb7a000 	C:\Windows\SYSTEM32\WINHTTP.dll
0x00007ffca40a0000 - 0x00007ffca410a000 	C:\Windows\system32\mswsock.dll
0x00007ffc97b70000 - 0x00007ffc97b86000 	C:\Users\Mateja\.vscode\extensions\redhat.java-1.33.0-win32-x64\jre\17.0.11-win32-x86_64\bin\nio.dll
0x00007ffc9be50000 - 0x00007ffc9be60000 	c:\Users\Mateja\.vscode\extensions\redhat.java-1.33.0-win32-x64\jre\17.0.11-win32-x86_64\bin\verify.dll
0x00007ffca4290000 - 0x00007ffca42a8000 	C:\Windows\SYSTEM32\CRYPTSP.dll
0x00007ffca3950000 - 0x00007ffca3984000 	C:\Windows\system32\rsaenh.dll
0x00007ffca4800000 - 0x00007ffca482e000 	C:\Windows\SYSTEM32\USERENV.dll
0x00007ffca42b0000 - 0x00007ffca42bc000 	C:\Windows\SYSTEM32\CRYPTBASE.dll
0x00007ffca3d30000 - 0x00007ffca3d6b000 	C:\Windows\SYSTEM32\IPHLPAPI.DLL
0x00007ffca60f0000 - 0x00007ffca60f8000 	C:\Windows\System32\NSI.dll
0x00007ffc9bd30000 - 0x00007ffc9bd47000 	C:\Windows\SYSTEM32\dhcpcsvc6.DLL
0x00007ffc9c3a0000 - 0x00007ffc9c3bd000 	C:\Windows\SYSTEM32\dhcpcsvc.DLL
0x00007ffca3d70000 - 0x00007ffca3e3a000 	C:\Windows\SYSTEM32\DNSAPI.dll
0x00007ffc9a060000 - 0x00007ffc9a069000 	C:\Users\Mateja\.vscode\extensions\redhat.java-1.33.0-win32-x64\jre\17.0.11-win32-x86_64\bin\management.dll
0x00007ffc97ef0000 - 0x00007ffc97efb000 	C:\Users\Mateja\.vscode\extensions\redhat.java-1.33.0-win32-x64\jre\17.0.11-win32-x86_64\bin\management_ext.dll
0x00007ffca6e00000 - 0x00007ffca6e08000 	C:\Windows\System32\PSAPI.DLL

dbghelp: loaded successfully - version: 4.0.5 - missing functions: none
symbol engine: initialized successfully - sym options: 0x614 - pdb path: .;c:\Users\Mateja\.vscode\extensions\redhat.java-1.33.0-win32-x64\jre\17.0.11-win32-x86_64\bin;C:\Windows\SYSTEM32;C:\Program Files\Avast Software\Avast;C:\Windows\WinSxS\amd64_microsoft.windows.common-controls_6595b64144ccf1df_6.0.19041.4355_none_60b8b9eb71f62e16;c:\Users\Mateja\.vscode\extensions\redhat.java-1.33.0-win32-x64\jre\17.0.11-win32-x86_64\bin\server

VM Arguments:
jvm_args: -Xmx1024m -Dsts.lsp.client=vscode -Dsts.log.file=/dev/null -XX:TieredStopAtLevel=1 -Xlog:jni+resolve=off -Dspring.config.location=file:c:\Users\Mateja\.vscode\extensions\vmware.vscode-spring-boot-1.56.0\language-server\BOOT-INF\classes\application.properties 
java_command: org.springframework.ide.vscode.boot.app.BootLanguageServerBootApp
java_class_path (initial): c:\Users\Mateja\.vscode\extensions\vmware.vscode-spring-boot-1.56.0\language-server\BOOT-INF\classes;c:\Users\Mateja\.vscode\extensions\vmware.vscode-spring-boot-1.56.0\language-server\BOOT-INF\lib\annotations-24.1.0.jar;c:\Users\Mateja\.vscode\extensions\vmware.vscode-spring-boot-1.56.0\language-server\BOOT-INF\lib\antlr4-runtime-4.13.1.jar;c:\Users\Mateja\.vscode\extensions\vmware.vscode-spring-boot-1.56.0\language-server\BOOT-INF\lib\asm-9.7.jar;c:\Users\Mateja\.vscode\extensions\vmware.vscode-spring-boot-1.56.0\language-server\BOOT-INF\lib\asm-analysis-9.7.jar;c:\Users\Mateja\.vscode\extensions\vmware.vscode-spring-boot-1.56.0\language-server\BOOT-INF\lib\asm-tree-9.7.jar;c:\Users\Mateja\.vscode\extensions\vmware.vscode-spring-boot-1.56.0\language-server\BOOT-INF\lib\asm-util-9.7.jar;c:\Users\Mateja\.vscode\extensions\vmware.vscode-spring-boot-1.56.0\language-server\BOOT-INF\lib\caffeine-3.1.8.jar;c:\Users\Mateja\.vscode\extensions\vmware.vscode-spring-boot-1.56.0\language-server\BOOT-INF\lib\checker-qual-3.12.0.jar;c:\Users\Mateja\.vscode\extensions\vmware.vscode-spring-boot-1.56.0\language-server\BOOT-INF\lib\classgraph-4.8.149.jar;c:\Users\Mateja\.vscode\extensions\vmware.vscode-spring-boot-1.56.0\language-server\BOOT-INF\lib\commons-codec-1.16.1.jar;c:\Users\Mateja\.vscode\extensions\vmware.vscode-spring-boot-1.56.0\language-server\BOOT-INF\lib\commons-compress-1.26.2.jar;c:\Users\Mateja\.vscode\extensions\vmware.vscode-spring-boot-1.56.0\language-server\BOOT-INF\lib\commons-io-2.16.1.jar;c:\Users\Mateja\.vscode\extensions\vmware.vscode-spring-boot-1.56.0\language-server\BOOT-INF\lib\commons-java-1.56.0-SNAPSHOT.jar;c:\Users\Mateja\.vscode\extensions\vmware.vscode-spring-boot-1.56.0\language-server\BOOT-INF\lib\commons-lang3-3.14.0.jar;c:\Users\Mateja\.vscode\extensions\vmware.vscode-spring-boot-1.56.0\language-server\BOOT-INF\lib\commons-language-server-1.56.0-SNAPSHOT.jar;c:\Users\Mateja\.vscode\extensions\vmware.vscode-spring-
Launcher Type: SUN_STANDARD

[Global flags]
     intx CICompilerCount                          = 3                                         {product} {ergonomic}
     uint ConcGCThreads                            = 1                                         {product} {ergonomic}
     uint G1ConcRefinementThreads                  = 4                                         {product} {ergonomic}
   size_t G1HeapRegionSize                         = 1048576                                   {product} {ergonomic}
    uintx GCDrainStackTargetSize                   = 64                                        {product} {ergonomic}
   size_t InitialHeapSize                          = 134217728                                 {product} {ergonomic}
   size_t MarkStackSize                            = 4194304                                   {product} {ergonomic}
   size_t MaxHeapSize                              = 1073741824                                {product} {command line}
   size_t MaxNewSize                               = 643825664                                 {product} {ergonomic}
   size_t MinHeapDeltaBytes                        = 1048576                                   {product} {ergonomic}
   size_t MinHeapSize                              = 8388608                                   {product} {ergonomic}
    uintx NonProfiledCodeHeapSize                  = 0                                      {pd product} {ergonomic}
     bool ProfileInterpreter                       = false                                  {pd product} {command line}
    uintx ProfiledCodeHeapSize                     = 0                                      {pd product} {ergonomic}
   size_t SoftMaxHeapSize                          = 1073741824                             {manageable} {ergonomic}
     intx TieredStopAtLevel                        = 1                                         {product} {command line}
     bool UseCompressedClassPointers               = true                           {product lp64_product} {ergonomic}
     bool UseCompressedOops                        = true                           {product lp64_product} {ergonomic}
     bool UseG1GC                                  = true                                      {product} {ergonomic}
     bool UseLargePagesIndividualAllocation        = false                                  {pd product} {ergonomic}

Logging:
Log output configuration:
 #0: stdout all=warning,jni+resolve=off uptime,level,tags
 #1: stderr all=off uptime,level,tags

Environment Variables:
PATH=C:\Program Files\Common Files\Oracle\Java\javapath;C:\Windows\system32;C:\Windows;C:\Windows\System32\Wbem;C:\Windows\System32\WindowsPowerShell\v1.0\;C:\Windows\System32\OpenSSH\;C:\Program Files\nodejs\;C:\Program Files\Git\cmd;C:\Windows\system32;C:\Windows;C:\Windows\System32\Wbem;C:\Windows\System32\WindowsPowerShell\v1.0\;C:\Windows\System32\OpenSSH\;C:\Program Files\MATLAB\MATLAB Production Server\R2015a\runtime\win64;C:\Program Files\MATLAB\MATLAB Production Server\R2015a\bin;C:\Program Files\MATLAB\MATLAB Production Server\R2015a\polyspace\bin;C:\Users\Mateja\AppData\Local\Programs\Python\Launcher\;C:\Users\Mateja\AppData\Local\Microsoft\WindowsApps;;C:\Python34\Scripts;C:\Users\Mateja\AppData\Roaming\npm;C:\Users\Mateja\AppData\Local\Programs\Microsoft VS Code\bin
USERNAME=Mateja
OS=Windows_NT
PROCESSOR_IDENTIFIER=Intel64 Family 6 Model 61 Stepping 4, GenuineIntel
TMP=C:\Users\Mateja\AppData\Local\Temp
TEMP=C:\Users\Mateja\AppData\Local\Temp



Periodic native trim disabled


---------------  S Y S T E M  ---------------

OS:
 Windows 10 , 64 bit Build 19041 (10.0.19041.4597)
OS uptime: 21 days 6:08 hours

CPU: total 4 (initial active 4) (2 cores per cpu, 2 threads per core) family 6 model 61 stepping 4 microcode 0x2d, cx8, cmov, fxsr, ht, mmx, 3dnowpref, sse, sse2, sse3, ssse3, sse4.1, sse4.2, popcnt, lzcnt, tsc, tscinvbit, avx, avx2, aes, erms, clmul, bmi1, bmi2, adx, fma, vzeroupper, clflush
Processor Information for all 4 processors :
  Max Mhz: 2201, Current Mhz: 2200, Mhz Limit: 2178

Memory: 4k page, system-wide physical 8106M (447M free)
TotalPageFile size 32682M (AvailPageFile size 5M)
current process WorkingSet (physical memory assigned to process): 168M, peak: 168M
current process commit charge ("private bytes"): 200M, peak: 224M

vm_info: OpenJDK 64-Bit Server VM (17.0.11+9) for windows-amd64 JRE (17.0.11+9), built on Apr 17 2024 06:07:48 by "admin" with MS VC++ 16.10 / 16.11 (VS2019)

END.
